2023-05-23 19:45:18,434 INFO org.springframework.boot.StartupInfoLogger [restartedMain] Starting Application on MBPvonSinthella.fritz.box with PID 58336 (/Users/sinthellaanpalagan/Desktop/SoSpri_App_Fabian_Fischer/target/classes started by sinthellaanpalagan in /Users/sinthellaanpalagan/Desktop/SoSpri_App_Fabian_Fischer)
2023-05-23 19:45:18,439 INFO org.springframework.boot.SpringApplication [restartedMain] No active profile set, falling back to default profiles: default
2023-05-23 19:45:18,515 INFO org.springframework.boot.logging.DeferredLog [restartedMain] The Class-Path manifest attribute in /Users/sinthellaanpalagan/.m2/repository/org/glassfish/jaxb/jaxb-runtime/2.3.2/jaxb-runtime-2.3.2.jar referenced one or more files that do not exist: file:/Users/sinthellaanpalagan/.m2/repository/org/glassfish/jaxb/jaxb-runtime/2.3.2/jakarta.xml.bind-api-2.3.2.jar,file:/Users/sinthellaanpalagan/.m2/repository/org/glassfish/jaxb/jaxb-runtime/2.3.2/txw2-2.3.2.jar,file:/Users/sinthellaanpalagan/.m2/repository/org/glassfish/jaxb/jaxb-runtime/2.3.2/istack-commons-runtime-3.0.8.jar,file:/Users/sinthellaanpalagan/.m2/repository/org/glassfish/jaxb/jaxb-runtime/2.3.2/stax-ex-1.8.1.jar,file:/Users/sinthellaanpalagan/.m2/repository/org/glassfish/jaxb/jaxb-runtime/2.3.2/FastInfoset-1.2.16.jar,file:/Users/sinthellaanpalagan/.m2/repository/org/glassfish/jaxb/jaxb-runtime/2.3.2/jakarta.activation-api-1.2.1.jar
2023-05-23 19:45:18,516 INFO org.springframework.boot.logging.DeferredLog [restartedMain] Devtools property defaults active! Set 'spring.devtools.add-properties' to 'false' to disable
2023-05-23 19:45:18,516 INFO org.springframework.boot.logging.DeferredLog [restartedMain] For additional web related logging consider setting the 'logging.level.web' property to 'DEBUG'
2023-05-23 19:45:19,526 INFO org.springframework.data.repository.config.RepositoryConfigurationDelegate [restartedMain] Bootstrapping Spring Data JPA repositories in DEFAULT mode.
2023-05-23 19:45:19,592 INFO org.springframework.data.repository.config.RepositoryConfigurationDelegate [restartedMain] Finished Spring Data repository scanning in 60ms. Found 2 JPA repository interfaces.
2023-05-23 19:45:20,233 INFO org.springframework.boot.web.embedded.tomcat.TomcatWebServer [restartedMain] Tomcat initialized with port(s): 8080 (http)
2023-05-23 19:45:20,240 INFO org.apache.juli.logging.DirectJDKLog [restartedMain] Initializing ProtocolHandler ["http-nio-8080"]
2023-05-23 19:45:20,241 INFO org.apache.juli.logging.DirectJDKLog [restartedMain] Starting service [Tomcat]
2023-05-23 19:45:20,241 INFO org.apache.juli.logging.DirectJDKLog [restartedMain] Starting Servlet engine: [Apache Tomcat/9.0.31]
2023-05-23 19:45:20,298 INFO org.apache.juli.logging.DirectJDKLog [restartedMain] Initializing Spring embedded WebApplicationContext
2023-05-23 19:45:20,299 INFO org.springframework.boot.web.servlet.context.ServletWebServerApplicationContext [restartedMain] Root WebApplicationContext: initialization completed in 1783 ms
2023-05-23 19:45:20,386 INFO com.zaxxer.hikari.HikariDataSource [restartedMain] HikariPool-1 - Starting...
2023-05-23 19:45:20,537 INFO com.zaxxer.hikari.HikariDataSource [restartedMain] HikariPool-1 - Start completed.
2023-05-23 19:45:20,544 INFO org.springframework.boot.autoconfigure.h2.H2ConsoleAutoConfiguration [restartedMain] H2 console available at '/h2-console/'. Database available at 'jdbc:h2:mem:chatdb'
2023-05-23 19:45:20,845 INFO org.hibernate.jpa.internal.util.LogHelper [restartedMain] HHH000204: Processing PersistenceUnitInfo [name: default]
2023-05-23 19:45:20,881 INFO org.hibernate.Version [restartedMain] HHH000412: Hibernate ORM core version 5.4.12.Final
2023-05-23 19:45:20,949 INFO org.hibernate.annotations.common.reflection.java.JavaReflectionManager [restartedMain] HCANN000001: Hibernate Commons Annotations {5.1.0.Final}
2023-05-23 19:45:21,004 INFO org.hibernate.dialect.Dialect [restartedMain] HHH000400: Using dialect: org.hibernate.dialect.H2Dialect
2023-05-23 19:45:21,457 INFO org.hibernate.engine.transaction.jta.platform.internal.JtaPlatformInitiator [restartedMain] HHH000490: Using JtaPlatform implementation: [org.hibernate.engine.transaction.jta.platform.internal.NoJtaPlatform]
2023-05-23 19:45:21,461 INFO org.springframework.orm.jpa.AbstractEntityManagerFactoryBean [restartedMain] Initialized JPA EntityManagerFactory for persistence unit 'default'
2023-05-23 19:45:21,495 WARN org.springframework.boot.devtools.autoconfigure.OptionalLiveReloadServer [restartedMain] Unable to start LiveReload server
2023-05-23 19:45:21,792 WARN org.springframework.boot.autoconfigure.orm.jpa.JpaBaseConfiguration$JpaWebConfiguration [restartedMain] spring.jpa.open-in-view is enabled by default. Therefore, database queries may be performed during view rendering. Explicitly configure spring.jpa.open-in-view to disable this warning
2023-05-23 19:45:21,945 INFO org.springframework.security.web.DefaultSecurityFilterChain [restartedMain] Creating filter chain: any request, [org.springframework.security.web.context.request.async.WebAsyncManagerIntegrationFilter@180d63b2, org.springframework.security.web.context.SecurityContextPersistenceFilter@e1fb191, org.springframework.security.web.header.HeaderWriterFilter@7ea020c0, org.springframework.security.web.csrf.CsrfFilter@12fc7525, org.springframework.security.web.authentication.logout.LogoutFilter@36cf178, org.springframework.security.oauth2.client.web.OAuth2AuthorizationRequestRedirectFilter@365f76b9, org.springframework.security.oauth2.client.web.OAuth2LoginAuthenticationFilter@2131acdb, org.springframework.security.web.authentication.UsernamePasswordAuthenticationFilter@2ef9452f, org.springframework.security.web.authentication.www.BasicAuthenticationFilter@418bca20, org.springframework.security.web.savedrequest.RequestCacheAwareFilter@4c380ccf, org.springframework.security.web.servletapi.SecurityContextHolderAwareRequestFilter@36d6728e, org.springframework.security.web.authentication.AnonymousAuthenticationFilter@20622678, org.springframework.security.web.session.SessionManagementFilter@1f289001, org.springframework.security.web.access.ExceptionTranslationFilter@22243bfe, org.springframework.security.web.access.intercept.FilterSecurityInterceptor@6197f8ad]
2023-05-23 19:45:22,074 INFO org.springframework.scheduling.concurrent.ExecutorConfigurationSupport [restartedMain] Initializing ExecutorService 'applicationTaskExecutor'
2023-05-23 19:45:22,123 INFO org.springframework.boot.autoconfigure.web.servlet.WelcomePageHandlerMapping [restartedMain] Adding welcome page: class path resource [static/index.html]
2023-05-23 19:45:22,328 INFO org.springframework.boot.actuate.endpoint.web.EndpointLinksResolver [restartedMain] Exposing 2 endpoint(s) beneath base path '/actuator'
2023-05-23 19:45:22,384 INFO org.apache.juli.logging.DirectJDKLog [restartedMain] Starting ProtocolHandler ["http-nio-8080"]
2023-05-23 19:45:22,393 INFO org.apache.juli.logging.DirectJDKLog [restartedMain] Pausing ProtocolHandler ["http-nio-8080"]
2023-05-23 19:45:22,393 INFO org.apache.juli.logging.DirectJDKLog [restartedMain] Stopping service [Tomcat]
2023-05-23 19:45:22,399 WARN org.apache.juli.logging.DirectJDKLog [restartedMain] The web application [ROOT] appears to have started a thread named [HikariPool-1 housekeeper] but has failed to stop it. This is very likely to create a memory leak. Stack trace of thread:
 java.base@18.0.2.1/jdk.internal.misc.Unsafe.park(Native Method)
 java.base@18.0.2.1/java.util.concurrent.locks.LockSupport.parkNanos(LockSupport.java:252)
 java.base@18.0.2.1/java.util.concurrent.locks.AbstractQueuedSynchronizer$ConditionObject.awaitNanos(AbstractQueuedSynchronizer.java:1672)
 java.base@18.0.2.1/java.util.concurrent.ScheduledThreadPoolExecutor$DelayedWorkQueue.take(ScheduledThreadPoolExecutor.java:1182)
 java.base@18.0.2.1/java.util.concurrent.ScheduledThreadPoolExecutor$DelayedWorkQueue.take(ScheduledThreadPoolExecutor.java:899)
 java.base@18.0.2.1/java.util.concurrent.ThreadPoolExecutor.getTask(ThreadPoolExecutor.java:1062)
 java.base@18.0.2.1/java.util.concurrent.ThreadPoolExecutor.runWorker(ThreadPoolExecutor.java:1122)
 java.base@18.0.2.1/java.util.concurrent.ThreadPoolExecutor$Worker.run(ThreadPoolExecutor.java:635)
 java.base@18.0.2.1/java.lang.Thread.run(Thread.java:833)
2023-05-23 19:45:22,400 WARN org.apache.juli.logging.DirectJDKLog [restartedMain] The web application [ROOT] appears to have started a thread named [HikariPool-1 connection adder] but has failed to stop it. This is very likely to create a memory leak. Stack trace of thread:
 java.base@18.0.2.1/jdk.internal.misc.Unsafe.park(Native Method)
 java.base@18.0.2.1/java.util.concurrent.locks.LockSupport.parkNanos(LockSupport.java:252)
 java.base@18.0.2.1/java.util.concurrent.locks.AbstractQueuedSynchronizer$ConditionObject.awaitNanos(AbstractQueuedSynchronizer.java:1672)
 java.base@18.0.2.1/java.util.concurrent.LinkedBlockingQueue.poll(LinkedBlockingQueue.java:460)
 java.base@18.0.2.1/java.util.concurrent.ThreadPoolExecutor.getTask(ThreadPoolExecutor.java:1061)
 java.base@18.0.2.1/java.util.concurrent.ThreadPoolExecutor.runWorker(ThreadPoolExecutor.java:1122)
 java.base@18.0.2.1/java.util.concurrent.ThreadPoolExecutor$Worker.run(ThreadPoolExecutor.java:635)
 java.base@18.0.2.1/java.lang.Thread.run(Thread.java:833)
2023-05-23 19:45:22,402 INFO org.apache.juli.logging.DirectJDKLog [restartedMain] Stopping ProtocolHandler ["http-nio-8080"]
2023-05-23 19:45:22,403 INFO org.apache.juli.logging.DirectJDKLog [restartedMain] Destroying ProtocolHandler ["http-nio-8080"]
2023-05-23 19:45:22,407 INFO org.springframework.boot.autoconfigure.logging.ConditionEvaluationReportLoggingListener [restartedMain] 

Error starting ApplicationContext. To display the conditions report re-run your application with 'debug' enabled.
2023-05-23 19:45:22,408 ERROR org.springframework.boot.diagnostics.LoggingFailureAnalysisReporter [restartedMain] 

***************************
APPLICATION FAILED TO START
***************************

Description:

Web server failed to start. Port 8080 was already in use.

Action:

Identify and stop the process that's listening on port 8080 or configure this application to listen on another port.

2023-05-23 19:45:22,412 WARN org.springframework.beans.factory.support.DisposableBeanAdapter [restartedMain] Invocation of destroy method failed on bean with name 'tomcatMetricsBinder': java.lang.NullPointerException: Cannot invoke "io.micrometer.core.instrument.binder.tomcat.TomcatMetrics.close()" because "this.tomcatMetrics" is null
2023-05-23 19:45:22,413 INFO org.springframework.scheduling.concurrent.ExecutorConfigurationSupport [restartedMain] Shutting down ExecutorService 'applicationTaskExecutor'
2023-05-23 19:45:22,414 INFO org.springframework.orm.jpa.AbstractEntityManagerFactoryBean [restartedMain] Closing JPA EntityManagerFactory for persistence unit 'default'
2023-05-23 19:45:22,626 WARN org.springframework.beans.factory.support.DisposableBeanAdapter [restartedMain] Invocation of destroy method failed on bean with name 'inMemoryDatabaseShutdownExecutor': org.h2.jdbc.JdbcSQLNonTransientConnectionException: Die Datenbank wurde bereits geschlossen (um das automatische Schliessen beim Stopp der VM zu deaktivieren, die Datenbank URL mit ";DB_CLOSE_ON_EXIT=FALSE" ergänzen)
Database is already closed (to disable automatic closing at VM shutdown, add ";DB_CLOSE_ON_EXIT=FALSE" to the db URL) [90121-200]
2023-05-23 19:45:22,631 INFO com.zaxxer.hikari.HikariDataSource [restartedMain] HikariPool-1 - Shutdown initiated...
2023-05-23 19:45:22,643 INFO com.zaxxer.hikari.HikariDataSource [restartedMain] HikariPool-1 - Shutdown completed.
2023-05-23 19:46:22,476 INFO org.springframework.boot.StartupInfoLogger [restartedMain] Starting Application on MBPvonSinthella.fritz.box with PID 58452 (/Users/sinthellaanpalagan/Desktop/SoSpri_App_Fabian_Fischer/target/classes started by sinthellaanpalagan in /Users/sinthellaanpalagan/Desktop/SoSpri_App_Fabian_Fischer)
2023-05-23 19:46:22,479 INFO org.springframework.boot.SpringApplication [restartedMain] No active profile set, falling back to default profiles: default
2023-05-23 19:46:22,527 INFO org.springframework.boot.logging.DeferredLog [restartedMain] The Class-Path manifest attribute in /Users/sinthellaanpalagan/.m2/repository/org/glassfish/jaxb/jaxb-runtime/2.3.2/jaxb-runtime-2.3.2.jar referenced one or more files that do not exist: file:/Users/sinthellaanpalagan/.m2/repository/org/glassfish/jaxb/jaxb-runtime/2.3.2/jakarta.xml.bind-api-2.3.2.jar,file:/Users/sinthellaanpalagan/.m2/repository/org/glassfish/jaxb/jaxb-runtime/2.3.2/txw2-2.3.2.jar,file:/Users/sinthellaanpalagan/.m2/repository/org/glassfish/jaxb/jaxb-runtime/2.3.2/istack-commons-runtime-3.0.8.jar,file:/Users/sinthellaanpalagan/.m2/repository/org/glassfish/jaxb/jaxb-runtime/2.3.2/stax-ex-1.8.1.jar,file:/Users/sinthellaanpalagan/.m2/repository/org/glassfish/jaxb/jaxb-runtime/2.3.2/FastInfoset-1.2.16.jar,file:/Users/sinthellaanpalagan/.m2/repository/org/glassfish/jaxb/jaxb-runtime/2.3.2/jakarta.activation-api-1.2.1.jar
2023-05-23 19:46:22,528 INFO org.springframework.boot.logging.DeferredLog [restartedMain] Devtools property defaults active! Set 'spring.devtools.add-properties' to 'false' to disable
2023-05-23 19:46:22,528 INFO org.springframework.boot.logging.DeferredLog [restartedMain] For additional web related logging consider setting the 'logging.level.web' property to 'DEBUG'
2023-05-23 19:46:23,598 INFO org.springframework.data.repository.config.RepositoryConfigurationDelegate [restartedMain] Bootstrapping Spring Data JPA repositories in DEFAULT mode.
2023-05-23 19:46:23,671 INFO org.springframework.data.repository.config.RepositoryConfigurationDelegate [restartedMain] Finished Spring Data repository scanning in 66ms. Found 2 JPA repository interfaces.
2023-05-23 19:46:24,305 INFO org.springframework.boot.web.embedded.tomcat.TomcatWebServer [restartedMain] Tomcat initialized with port(s): 8080 (http)
2023-05-23 19:46:24,312 INFO org.apache.juli.logging.DirectJDKLog [restartedMain] Initializing ProtocolHandler ["http-nio-8080"]
2023-05-23 19:46:24,313 INFO org.apache.juli.logging.DirectJDKLog [restartedMain] Starting service [Tomcat]
2023-05-23 19:46:24,313 INFO org.apache.juli.logging.DirectJDKLog [restartedMain] Starting Servlet engine: [Apache Tomcat/9.0.31]
2023-05-23 19:46:24,376 INFO org.apache.juli.logging.DirectJDKLog [restartedMain] Initializing Spring embedded WebApplicationContext
2023-05-23 19:46:24,376 INFO org.springframework.boot.web.servlet.context.ServletWebServerApplicationContext [restartedMain] Root WebApplicationContext: initialization completed in 1848 ms
2023-05-23 19:46:24,482 INFO com.zaxxer.hikari.HikariDataSource [restartedMain] HikariPool-1 - Starting...
2023-05-23 19:46:24,649 INFO com.zaxxer.hikari.HikariDataSource [restartedMain] HikariPool-1 - Start completed.
2023-05-23 19:46:24,658 INFO org.springframework.boot.autoconfigure.h2.H2ConsoleAutoConfiguration [restartedMain] H2 console available at '/h2-console/'. Database available at 'jdbc:h2:mem:chatdb'
2023-05-23 19:46:24,966 INFO org.hibernate.jpa.internal.util.LogHelper [restartedMain] HHH000204: Processing PersistenceUnitInfo [name: default]
2023-05-23 19:46:24,998 INFO org.hibernate.Version [restartedMain] HHH000412: Hibernate ORM core version 5.4.12.Final
2023-05-23 19:46:25,066 INFO org.hibernate.annotations.common.reflection.java.JavaReflectionManager [restartedMain] HCANN000001: Hibernate Commons Annotations {5.1.0.Final}
2023-05-23 19:46:25,118 INFO org.hibernate.dialect.Dialect [restartedMain] HHH000400: Using dialect: org.hibernate.dialect.H2Dialect
2023-05-23 19:46:25,588 INFO org.hibernate.engine.transaction.jta.platform.internal.JtaPlatformInitiator [restartedMain] HHH000490: Using JtaPlatform implementation: [org.hibernate.engine.transaction.jta.platform.internal.NoJtaPlatform]
2023-05-23 19:46:25,592 INFO org.springframework.orm.jpa.AbstractEntityManagerFactoryBean [restartedMain] Initialized JPA EntityManagerFactory for persistence unit 'default'
2023-05-23 19:46:25,630 INFO org.springframework.boot.devtools.autoconfigure.OptionalLiveReloadServer [restartedMain] LiveReload server is running on port 35729
2023-05-23 19:46:25,924 WARN org.springframework.boot.autoconfigure.orm.jpa.JpaBaseConfiguration$JpaWebConfiguration [restartedMain] spring.jpa.open-in-view is enabled by default. Therefore, database queries may be performed during view rendering. Explicitly configure spring.jpa.open-in-view to disable this warning
2023-05-23 19:46:26,074 INFO org.springframework.security.web.DefaultSecurityFilterChain [restartedMain] Creating filter chain: any request, [org.springframework.security.web.context.request.async.WebAsyncManagerIntegrationFilter@53936558, org.springframework.security.web.context.SecurityContextPersistenceFilter@2965caed, org.springframework.security.web.header.HeaderWriterFilter@3444ab5d, org.springframework.security.web.csrf.CsrfFilter@6fa290f8, org.springframework.security.web.authentication.logout.LogoutFilter@15a4d779, org.springframework.security.oauth2.client.web.OAuth2AuthorizationRequestRedirectFilter@3da784a0, org.springframework.security.oauth2.client.web.OAuth2LoginAuthenticationFilter@5130c066, org.springframework.security.web.authentication.UsernamePasswordAuthenticationFilter@687bbb7a, org.springframework.security.web.authentication.www.BasicAuthenticationFilter@7da18761, org.springframework.security.web.savedrequest.RequestCacheAwareFilter@3edf72ab, org.springframework.security.web.servletapi.SecurityContextHolderAwareRequestFilter@7262b45f, org.springframework.security.web.authentication.AnonymousAuthenticationFilter@5087b02e, org.springframework.security.web.session.SessionManagementFilter@3d000ec6, org.springframework.security.web.access.ExceptionTranslationFilter@75f50035, org.springframework.security.web.access.intercept.FilterSecurityInterceptor@60a26061]
2023-05-23 19:46:26,194 INFO org.springframework.scheduling.concurrent.ExecutorConfigurationSupport [restartedMain] Initializing ExecutorService 'applicationTaskExecutor'
2023-05-23 19:46:26,242 INFO org.springframework.boot.autoconfigure.web.servlet.WelcomePageHandlerMapping [restartedMain] Adding welcome page: class path resource [static/index.html]
2023-05-23 19:46:26,450 INFO org.springframework.boot.actuate.endpoint.web.EndpointLinksResolver [restartedMain] Exposing 2 endpoint(s) beneath base path '/actuator'
2023-05-23 19:46:26,511 INFO org.apache.juli.logging.DirectJDKLog [restartedMain] Starting ProtocolHandler ["http-nio-8080"]
2023-05-23 19:46:26,523 INFO org.springframework.boot.web.embedded.tomcat.TomcatWebServer [restartedMain] Tomcat started on port(s): 8080 (http) with context path ''
2023-05-23 19:46:26,527 INFO org.springframework.boot.StartupInfoLogger [restartedMain] Started Application in 4.517 seconds (JVM running for 5.243)
2023-05-23 19:46:26,531 INFO ch.bbw.pr.sospri.Application [restartedMain] Starting my application with 0 args.
2023-05-23 19:46:26,850 INFO org.apache.juli.logging.DirectJDKLog [RMI TCP Connection(2)-192.168.178.87] Initializing Spring DispatcherServlet 'dispatcherServlet'
2023-05-23 19:46:26,851 INFO org.springframework.web.servlet.FrameworkServlet [RMI TCP Connection(2)-192.168.178.87] Initializing Servlet 'dispatcherServlet'
2023-05-23 19:46:26,856 INFO org.springframework.web.servlet.FrameworkServlet [RMI TCP Connection(2)-192.168.178.87] Completed initialization in 4 ms
2023-05-23 19:48:36,466 WARN org.springframework.web.servlet.handler.AbstractHandlerExceptionResolver [http-nio-8080-exec-10] Resolved [org.springframework.web.HttpRequestMethodNotSupportedException: Request method 'POST' not supported]
2023-05-23 20:50:21,150 WARN com.zaxxer.hikari.pool.HikariPool$HouseKeeper [HikariPool-1 housekeeper] HikariPool-1 - Thread starvation or clock leap detected (housekeeper delta=1m55s824ms).
2023-05-23 20:51:05,416 INFO ch.bbw.pr.sospri.RegisterController [http-nio-8080-exec-2] User got registered
2023-05-23 20:51:05,542 INFO ch.bbw.pr.sospri.RegisterController [http-nio-8080-exec-2] Member successfully registered: RegisterMember [prename=sin, lastname=anp, password=Naturekids2@, confirmation=Naturekids2@]
2023-05-23 20:51:05,543 INFO ch.bbw.pr.sospri.RegisterController [http-nio-8080-exec-2] Registered new Member: Member [id=20, prename=sin, lastname=anp, password=toCT9joc4Km3H3pKRW4ylw6kxJIBSw2XD1Lp0Mi08uWKImhg3/EZcA==, username=sin.anp, authority=member]
2023-05-23 20:55:50,969 INFO ch.bbw.pr.sospri.RegisterController [http-nio-8080-exec-10] User got registered
2023-05-23 20:55:51,048 INFO ch.bbw.pr.sospri.RegisterController [http-nio-8080-exec-10] Member successfully registered: RegisterMember [prename=sin, lastname=ab, password=Naturekids2@, confirmation=Naturekids2@]
2023-05-23 20:55:51,049 INFO ch.bbw.pr.sospri.RegisterController [http-nio-8080-exec-10] Registered new Member: Member [id=21, prename=sin, lastname=ab, password=qnLA672GO9ld80q6N7dzR9owwkyehUQ7TBynwDJHDsgdhuiy+WE2Xg==, username=sin.ab, authority=member]
2023-05-23 21:25:44,957 WARN com.zaxxer.hikari.pool.HikariPool$HouseKeeper [HikariPool-1 housekeeper] HikariPool-1 - Thread starvation or clock leap detected (housekeeper delta=1m13s358ms).
2023-05-23 21:30:01,404 WARN com.zaxxer.hikari.pool.HikariPool$HouseKeeper [HikariPool-1 housekeeper] HikariPool-1 - Thread starvation or clock leap detected (housekeeper delta=3m46s440ms).
2023-05-23 21:31:16,765 WARN com.zaxxer.hikari.pool.HikariPool$HouseKeeper [HikariPool-1 housekeeper] HikariPool-1 - Thread starvation or clock leap detected (housekeeper delta=45s338ms).
2023-05-23 21:32:39,084 WARN com.zaxxer.hikari.pool.HikariPool$HouseKeeper [HikariPool-1 housekeeper] HikariPool-1 - Thread starvation or clock leap detected (housekeeper delta=1m22s320ms).
2023-05-23 21:45:50,298 WARN com.zaxxer.hikari.pool.HikariPool$HouseKeeper [HikariPool-1 housekeeper] HikariPool-1 - Thread starvation or clock leap detected (housekeeper delta=12m10s883ms).
2023-05-23 21:51:07,365 WARN com.zaxxer.hikari.pool.HikariPool$HouseKeeper [HikariPool-1 housekeeper] HikariPool-1 - Thread starvation or clock leap detected (housekeeper delta=4m47s51ms).
2023-05-23 21:52:29,210 WARN com.zaxxer.hikari.pool.HikariPool$HouseKeeper [HikariPool-1 housekeeper] HikariPool-1 - Thread starvation or clock leap detected (housekeeper delta=51s835ms).
2023-05-23 22:00:00,344 WARN com.zaxxer.hikari.pool.HikariPool$HouseKeeper [HikariPool-1 housekeeper] HikariPool-1 - Thread starvation or clock leap detected (housekeeper delta=7m1s66ms).
2023-05-23 22:02:50,876 WARN com.zaxxer.hikari.pool.HikariPool$HouseKeeper [HikariPool-1 housekeeper] HikariPool-1 - Thread starvation or clock leap detected (housekeeper delta=2m50s532ms).
2023-05-23 22:05:31,181 WARN com.zaxxer.hikari.pool.HikariPool$HouseKeeper [HikariPool-1 housekeeper] HikariPool-1 - Thread starvation or clock leap detected (housekeeper delta=2m10s286ms).
2023-05-23 22:06:41,798 WARN com.zaxxer.hikari.pool.HikariPool$HouseKeeper [HikariPool-1 housekeeper] HikariPool-1 - Thread starvation or clock leap detected (housekeeper delta=1m10s617ms).
2023-05-23 22:10:18,321 WARN com.zaxxer.hikari.pool.HikariPool$HouseKeeper [HikariPool-1 housekeeper] HikariPool-1 - Thread starvation or clock leap detected (housekeeper delta=3m6s510ms).
2023-05-23 22:32:12,849 WARN com.zaxxer.hikari.pool.HikariPool$HouseKeeper [HikariPool-1 housekeeper] HikariPool-1 - Thread starvation or clock leap detected (housekeeper delta=3m54s256ms).
2023-05-23 22:48:48,878 WARN com.zaxxer.hikari.pool.HikariPool$HouseKeeper [HikariPool-1 housekeeper] HikariPool-1 - Thread starvation or clock leap detected (housekeeper delta=16m6s21ms).
2023-05-23 22:52:48,642 WARN com.zaxxer.hikari.pool.HikariPool$HouseKeeper [HikariPool-1 housekeeper] HikariPool-1 - Thread starvation or clock leap detected (housekeeper delta=3m29s752ms).
2023-05-23 22:55:54,751 WARN com.zaxxer.hikari.pool.HikariPool$HouseKeeper [HikariPool-1 housekeeper] HikariPool-1 - Thread starvation or clock leap detected (housekeeper delta=2m36s88ms).
2023-05-23 23:05:26,709 WARN com.zaxxer.hikari.pool.HikariPool$HouseKeeper [HikariPool-1 housekeeper] HikariPool-1 - Thread starvation or clock leap detected (housekeeper delta=9m31s962ms).
2023-05-23 23:23:51,436 WARN com.zaxxer.hikari.pool.HikariPool$HouseKeeper [HikariPool-1 housekeeper] HikariPool-1 - Thread starvation or clock leap detected (housekeeper delta=17m54s726ms).
